<?xml version="1.0" encoding="UTF-8"?>
<!-- Generated by org.testng.reporters.JUnitXMLReporter -->
<testsuite ignored="0" hostname="Ramesh" failures="0" tests="3" name="Default test" time="30.296" errors="0" timestamp="2025-01-06T23:17:06 IST">
  <testcase classname="com.googleApp.test.TestClass" name="testCase1" time="3.08"/>
  <testcase classname="com.googleApp.test.TestClass" name="testCase2" time="8.181"/>
  <testcase classname="com.googleApp.test.TestClass" name="testCase3" time="8.17"/>
</testsuite> <!-- Default test -->
