<?xml version="1.0" encoding="UTF-8"?>
<testng-results ignored="0" total="1" passed="1" failed="0" skipped="0">
  <reporter-output>
  </reporter-output>
  <suite started-at="2025-01-04T22:01:02 IST" name="Default suite" finished-at="2025-01-04T22:01:14 IST" duration-ms="12129">
    <groups>
    </groups>
    <test started-at="2025-01-04T22:01:02 IST" name="Default test" finished-at="2025-01-04T22:01:14 IST" duration-ms="12129">
      <class name="com.googleApp.test.TestClass">
        <test-method is-config="true" signature="beforeTestExecution()[pri:0, instance:com.googleApp.test.TestClass@353352b6]" started-at="2025-01-04T22:01:01 IST" name="beforeTestExecution" finished-at="2025-01-04T22:01:02 IST" duration-ms="129" status="PASS">
          <reporter-output>
          </reporter-output>
        </test-method> <!-- beforeTestExecution -->
        <test-method is-config="true" signature="beforeTest()[pri:0, instance:com.googleApp.test.TestClass@353352b6]" started-at="2025-01-04T22:01:02 IST" name="beforeTest" finished-at="2025-01-04T22:01:05 IST" duration-ms="3669" status="PASS">
          <reporter-output>
          </reporter-output>
        </test-method> <!-- beforeTest -->
        <test-method signature="testCase2()[pri:0, instance:com.googleApp.test.TestClass@353352b6]" started-at="2025-01-04T22:01:05 IST" name="testCase2" finished-at="2025-01-04T22:01:13 IST" duration-ms="8221" status="PASS">
          <reporter-output>
          </reporter-output>
        </test-method> <!-- testCase2 -->
        <test-method is-config="true" signature="afterTest()[pri:0, instance:com.googleApp.test.TestClass@353352b6]" started-at="2025-01-04T22:01:13 IST" name="afterTest" finished-at="2025-01-04T22:01:14 IST" duration-ms="208" status="PASS">
          <reporter-output>
          </reporter-output>
        </test-method> <!-- afterTest -->
        <test-method is-config="true" signature="afterTestExecution()[pri:0, instance:com.googleApp.test.TestClass@353352b6]" started-at="2025-01-04T22:01:14 IST" name="afterTestExecution" finished-at="2025-01-04T22:01:14 IST" duration-ms="215" status="PASS">
          <reporter-output>
          </reporter-output>
        </test-method> <!-- afterTestExecution -->
      </class> <!-- com.googleApp.test.TestClass -->
    </test> <!-- Default test -->
  </suite> <!-- Default suite -->
</testng-results>
