<?xml version="1.0" encoding="UTF-8"?>
<testng-results ignored="0" total="3" passed="3" failed="0" skipped="0">
  <reporter-output>
  </reporter-output>
  <suite started-at="2025-01-06T23:16:36 IST" name="Default suite" finished-at="2025-01-06T23:17:06 IST" duration-ms="30296">
    <groups>
    </groups>
    <test started-at="2025-01-06T23:16:36 IST" name="Default test" finished-at="2025-01-06T23:17:06 IST" duration-ms="30296">
      <class name="com.googleApp.test.TestClass">
        <test-method is-config="true" signature="beforeTestExecution()[pri:0, instance:com.googleApp.test.TestClass@710c2b53]" started-at="2025-01-06T23:16:35 IST" name="beforeTestExecution" finished-at="2025-01-06T23:16:36 IST" duration-ms="709" status="PASS">
          <reporter-output>
          </reporter-output>
        </test-method> <!-- beforeTestExecution -->
        <test-method is-config="true" signature="beforeTest(org.testng.ITestResult)[pri:0, instance:com.googleApp.test.TestClass@710c2b53]" started-at="2025-01-06T23:16:36 IST" name="beforeTest" finished-at="2025-01-06T23:16:40 IST" duration-ms="3972" status="PASS">
          <params>
            <param index="0">
              <value>
                <![CDATA[[TestResult name={null} status=CREATED method=TestClass.testCase1()[pri:0, instance:com.googleApp.test.TestClass@710c2b53] output={null}]]]>
              </value>
            </param>
          </params>
          <reporter-output>
          </reporter-output>
        </test-method> <!-- beforeTest -->
        <test-method signature="testCase1()[pri:0, instance:com.googleApp.test.TestClass@710c2b53]" started-at="2025-01-06T23:16:40 IST" name="testCase1" finished-at="2025-01-06T23:16:43 IST" duration-ms="3080" status="PASS">
          <reporter-output>
          </reporter-output>
        </test-method> <!-- testCase1 -->
        <test-method is-config="true" signature="afterTest(org.testng.ITestContext)[pri:0, instance:com.googleApp.test.TestClass@710c2b53]" started-at="2025-01-06T23:16:43 IST" name="afterTest" finished-at="2025-01-06T23:16:43 IST" duration-ms="181" status="PASS">
          <params>
            <param index="0">
              <value>
                <![CDATA[org.testng.TestRunner@416d56f2]]>
              </value>
            </param>
          </params>
          <reporter-output>
          </reporter-output>
        </test-method> <!-- afterTest -->
        <test-method is-config="true" signature="beforeTest(org.testng.ITestResult)[pri:0, instance:com.googleApp.test.TestClass@710c2b53]" started-at="2025-01-06T23:16:43 IST" name="beforeTest" finished-at="2025-01-06T23:16:46 IST" duration-ms="3116" status="PASS">
          <params>
            <param index="0">
              <value>
                <![CDATA[[TestResult name={null} status=CREATED method=TestClass.testCase2()[pri:0, instance:com.googleApp.test.TestClass@710c2b53] output={null}]]]>
              </value>
            </param>
          </params>
          <reporter-output>
          </reporter-output>
        </test-method> <!-- beforeTest -->
        <test-method signature="testCase2()[pri:0, instance:com.googleApp.test.TestClass@710c2b53]" started-at="2025-01-06T23:16:46 IST" name="testCase2" finished-at="2025-01-06T23:16:54 IST" duration-ms="8181" status="PASS">
          <reporter-output>
          </reporter-output>
        </test-method> <!-- testCase2 -->
        <test-method is-config="true" signature="afterTest(org.testng.ITestContext)[pri:0, instance:com.googleApp.test.TestClass@710c2b53]" started-at="2025-01-06T23:16:54 IST" name="afterTest" finished-at="2025-01-06T23:16:54 IST" duration-ms="168" status="PASS">
          <params>
            <param index="0">
              <value>
                <![CDATA[org.testng.TestRunner@416d56f2]]>
              </value>
            </param>
          </params>
          <reporter-output>
          </reporter-output>
        </test-method> <!-- afterTest -->
        <test-method is-config="true" signature="beforeTest(org.testng.ITestResult)[pri:0, instance:com.googleApp.test.TestClass@710c2b53]" started-at="2025-01-06T23:16:54 IST" name="beforeTest" finished-at="2025-01-06T23:16:58 IST" duration-ms="3236" status="PASS">
          <params>
            <param index="0">
              <value>
                <![CDATA[[TestResult name={null} status=CREATED method=TestClass.testCase3()[pri:0, instance:com.googleApp.test.TestClass@710c2b53] output={null}]]]>
              </value>
            </param>
          </params>
          <reporter-output>
          </reporter-output>
        </test-method> <!-- beforeTest -->
        <test-method signature="testCase3()[pri:0, instance:com.googleApp.test.TestClass@710c2b53]" started-at="2025-01-06T23:16:58 IST" name="testCase3" finished-at="2025-01-06T23:17:06 IST" duration-ms="8170" status="PASS">
          <reporter-output>
          </reporter-output>
        </test-method> <!-- testCase3 -->
        <test-method is-config="true" signature="afterTest(org.testng.ITestContext)[pri:0, instance:com.googleApp.test.TestClass@710c2b53]" started-at="2025-01-06T23:17:06 IST" name="afterTest" finished-at="2025-01-06T23:17:06 IST" duration-ms="155" status="PASS">
          <params>
            <param index="0">
              <value>
                <![CDATA[org.testng.TestRunner@416d56f2]]>
              </value>
            </param>
          </params>
          <reporter-output>
          </reporter-output>
        </test-method> <!-- afterTest -->
        <test-method is-config="true" signature="afterTestExecution()[pri:0, instance:com.googleApp.test.TestClass@710c2b53]" started-at="2025-01-06T23:17:06 IST" name="afterTestExecution" finished-at="2025-01-06T23:17:06 IST" duration-ms="191" status="PASS">
          <reporter-output>
          </reporter-output>
        </test-method> <!-- afterTestExecution -->
      </class> <!-- com.googleApp.test.TestClass -->
    </test> <!-- Default test -->
  </suite> <!-- Default suite -->
</testng-results>
